<?xml version="1.0" encoding="UTF-8"?>
<testng-results ignored="0" total="1" passed="1" failed="0" skipped="0">
  <reporter-output>
  </reporter-output>
  <suite started-at="2021-09-03T08:28:11 COT" name="Default suite" finished-at="2021-09-03T08:28:30 COT" duration-ms="19345">
    <groups>
    </groups>
    <test started-at="2021-09-03T08:28:11 COT" name="Default test" finished-at="2021-09-03T08:28:30 COT" duration-ms="19345">
      <class name="test.PageTest">
        <test-method is-config="true" signature="init()[pri:0, instance:test.PageTest@247d8ae]" started-at="2021-09-03T08:28:11 COT" name="init" finished-at="2021-09-03T08:28:14 COT" duration-ms="2995" status="PASS">
          <reporter-output>
          </reporter-output>
        </test-method> <!-- init -->
        <test-method signature="registerTest()[pri:0, instance:test.PageTest@247d8ae]" started-at="2021-09-03T08:28:14 COT" name="registerTest" finished-at="2021-09-03T08:28:29 COT" duration-ms="15231" status="PASS">
          <reporter-output>
          </reporter-output>
        </test-method> <!-- registerTest -->
        <test-method is-config="true" signature="quitBrowser()[pri:0, instance:test.PageTest@247d8ae]" started-at="2021-09-03T08:28:29 COT" name="quitBrowser" finished-at="2021-09-03T08:28:30 COT" duration-ms="1045" status="PASS">
          <reporter-output>
          </reporter-output>
        </test-method> <!-- quitBrowser -->
      </class> <!-- test.PageTest -->
    </test> <!-- Default test -->
  </suite> <!-- Default suite -->
</testng-results>
